[run.sh] Starting full pipeline run at 2025-12-14T11:06:55+00:00
2025-12-14 11:06:58,048 - INFO - 
============================================================
2025-12-14 11:06:58,048 - INFO - ADAT ELŐKÉSZÍTÉS (PREPROCESSING) INDÍTÁSA: 2025-12-14 11:06:58
2025-12-14 11:06:58,048 - INFO - Log fájl helye: /app/log/run.log
2025-12-14 11:06:58,048 - INFO - ============================================================
2025-12-14 11:06:58,048 - INFO - Starting download from: https://bmeedu-my.sharepoint.com/:u:/g/personal/gyires-toth_balint_vik_bme_hu/IQAlEFc87da4SLpRVTCs81KwAS3DG4Ft8JPtUKQe9vV5eng?download=1 ...
2025-12-14 11:07:12,203 - INFO - Download complete! Size: 540.85 MB
2025-12-14 11:07:12,203 - INFO - Unzipping in progress...
2025-12-14 11:07:12,637 - INFO - Successfully extracted to: /app/data
2025-12-14 11:07:12,688 - INFO - Temporary files deleted.
2025-12-14 11:07:12,689 - INFO - 
[PHASE 1] Searching and cleaning CSV files...
2025-12-14 11:07:12,698 - INFO -     -> Saved: clean_XAUUSD_1H_37.csv (8 rows)
2025-12-14 11:07:12,701 - INFO -     -> Saved: clean_XAUUSD_1H_4.csv (6 rows)
2025-12-14 11:07:12,703 - INFO -     -> Saved: clean_XAUUSD_1H_5.csv (13 rows)
2025-12-14 11:07:12,706 - INFO -     -> Saved: clean_XAUUSD_1H_3.csv (16 rows)
2025-12-14 11:07:12,708 - INFO -     -> Saved: clean_XAUUSD_1H_18.csv (7 rows)
2025-12-14 11:07:12,710 - INFO -     -> Saved: clean_XAUUSD_1H_27.csv (13 rows)
2025-12-14 11:07:12,713 - INFO -     -> Saved: clean_XAUUSD_1H_42.csv (8 rows)
2025-12-14 11:07:12,715 - INFO -     -> Saved: clean_XAUUSD_1H_12.csv (13 rows)
2025-12-14 11:07:12,717 - INFO -     -> Saved: clean_XAUUSD_1H_28.csv (18 rows)
2025-12-14 11:07:12,720 - INFO -     -> Saved: clean_XAUUSD_1H_41.csv (5 rows)
2025-12-14 11:07:12,722 - INFO -     -> Saved: clean_XAUUSD_1H_30.csv (12 rows)
2025-12-14 11:07:12,724 - INFO -     -> Saved: clean_XAUUSD_1H_17.csv (6 rows)
2025-12-14 11:07:12,727 - INFO -     -> Saved: clean_XAUUSD_1H_22.csv (9 rows)
2025-12-14 11:07:12,729 - INFO -     -> Saved: clean_XAUUSD_1H_50.csv (7 rows)
2025-12-14 11:07:12,731 - INFO -     -> Saved: clean_XAUUSD_1H_23.csv (11 rows)
2025-12-14 11:07:12,733 - INFO -     -> Saved: clean_XAUUSD_1H_13.csv (12 rows)
2025-12-14 11:07:12,736 - INFO -     -> Saved: clean_XAUUSD_1H_20.csv (6 rows)
2025-12-14 11:07:12,738 - INFO -     -> Saved: clean_XAUUSD_1H_35.csv (11 rows)
2025-12-14 11:07:12,740 - INFO -     -> Saved: clean_XAUUSD_1H_45.csv (14 rows)
2025-12-14 11:07:12,743 - INFO -     -> Saved: clean_XAUUSD_1H_8.csv (7 rows)
2025-12-14 11:07:12,745 - INFO -     -> Saved: clean_XAUUSD_1H_26.csv (10 rows)
2025-12-14 11:07:12,747 - INFO -     -> Saved: clean_XAUUSD_1H_15.csv (5 rows)
2025-12-14 11:07:12,750 - INFO -     -> Saved: clean_XAUUSD_1H_29.csv (10 rows)
2025-12-14 11:07:12,752 - INFO -     -> Saved: clean_XAUUSD_1H_1.csv (1 rows)
2025-12-14 11:07:12,754 - INFO -     -> Saved: clean_XAUUSD_1H_16.csv (16 rows)
2025-12-14 11:07:12,757 - INFO -     -> Saved: clean_XAUUSD_1H_49.csv (12 rows)
2025-12-14 11:07:12,759 - INFO -     -> Saved: clean_XAUUSD_1H_10.csv (18 rows)
2025-12-14 11:07:12,761 - INFO -     -> Saved: clean_XAUUSD_1H_32.csv (5 rows)
2025-12-14 11:07:12,764 - INFO -     -> Saved: clean_XAUUSD_1H_34.csv (6 rows)
2025-12-14 11:07:12,766 - INFO -     -> Saved: clean_XAUUSD_1H_25.csv (8 rows)
2025-12-14 11:07:12,768 - INFO -     -> Saved: clean_XAUUSD_1H_9.csv (25 rows)
2025-12-14 11:07:12,770 - INFO -     -> Saved: clean_XAUUSD_1H_2.csv (10 rows)
2025-12-14 11:07:12,773 - INFO -     -> Saved: clean_XAUUSD_1H_46.csv (9 rows)
2025-12-14 11:07:12,775 - INFO -     -> Saved: clean_XAUUSD_1H_36.csv (10 rows)
2025-12-14 11:07:12,777 - INFO -     -> Saved: clean_XAUUSD_1H_31.csv (11 rows)
2025-12-14 11:07:12,780 - INFO -     -> Saved: clean_XAUUSD_1H_19.csv (7 rows)
2025-12-14 11:07:12,782 - INFO -     -> Saved: clean_XAUUSD_1H_21.csv (12 rows)
2025-12-14 11:07:12,784 - INFO -     -> Saved: clean_XAUUSD_1H_48.csv (13 rows)
2025-12-14 11:07:12,786 - INFO -     -> Saved: clean_XAUUSD_1H_14.csv (7 rows)
2025-12-14 11:07:12,789 - INFO -     -> Saved: clean_XAUUSD_1H_44.csv (5 rows)
2025-12-14 11:07:12,791 - INFO -     -> Saved: clean_XAUUSD_1H_47.csv (10 rows)
2025-12-14 11:07:12,793 - INFO -     -> Saved: clean_XAUUSD_1H_38.csv (10 rows)
2025-12-14 11:07:12,796 - INFO -     -> Saved: clean_XAUUSD_1H_40.csv (11 rows)
2025-12-14 11:07:12,798 - INFO -     -> Saved: clean_XAUUSD_1H_43.csv (9 rows)
2025-12-14 11:07:12,800 - INFO -     -> Saved: clean_XAUUSD_1H_33.csv (7 rows)
2025-12-14 11:07:12,803 - INFO -     -> Saved: clean_XAUUSD_1H_7.csv (7 rows)
2025-12-14 11:07:12,806 - INFO -     -> Saved: clean_XAUUSD_1H_6.csv (15 rows)
2025-12-14 11:07:12,808 - INFO -     -> Saved: clean_XAUUSD_1H_11.csv (6 rows)
2025-12-14 11:07:12,810 - INFO -     -> Saved: clean_XAUUSD_1H_24.csv (13 rows)
2025-12-14 11:07:12,813 - INFO -     -> Saved: clean_XAUUSD_1H_39.csv (6 rows)
2025-12-14 11:07:12,935 - INFO -     -> Saved: clean_XAUUSD_5min_001.csv (27755 rows)
2025-12-14 11:07:12,959 - INFO -     -> Saved: clean_XAUUSD_30min_001.csv (4635 rows)
2025-12-14 11:07:13,009 - INFO -     -> Saved: clean_XAUUSD_15min_001.csv (9261 rows)
2025-12-14 11:07:13,552 - INFO -     -> Saved: clean_EURUSD_1min.csv (100000 rows)
2025-12-14 11:07:14,573 - INFO -     -> Saved: clean_EURUSD_15min_001.csv (245388 rows)
2025-12-14 11:07:14,579 - INFO -     -> Saved: clean_XAU_1H_001.csv (298 rows)
2025-12-14 11:07:14,595 - INFO -     -> Saved (Renamed): clean_EURUSD_15min_001_dup1.csv (3342 rows)
2025-12-14 11:07:14,604 - INFO -     -> Saved: clean_EURUSD_30min_001.csv (1676 rows)
2025-12-14 11:07:14,636 - INFO -     -> Saved: clean_EURUSD_1min_001.csv (7197 rows)
2025-12-14 11:07:14,669 - INFO -     -> Saved: clean_EURUSD_5min_001.csv (7192 rows)
2025-12-14 11:07:14,675 - INFO -     -> Saved: clean_EURUSD_1H_001.csv (838 rows)
2025-12-14 11:07:14,750 - INFO -     -> Saved: clean_XAUUSD_5m_002.csv (13710 rows)
2025-12-14 11:07:14,826 - INFO -     -> Saved: clean_XAUUSD_5m_001.csv (13522 rows)
2025-12-14 11:07:14,862 - INFO -     -> Saved (Renamed): clean_EURUSD_15min_001_dup2.csv (8201 rows)
2025-12-14 11:07:14,886 - INFO -     -> Saved: clean_EURUSD_1hour_001.csv (3090 rows)
2025-12-14 11:07:14,902 - INFO -     -> Saved: clean_EURUSD_1hour_002.csv (3132 rows)
2025-12-14 11:07:15,066 - INFO -     -> Saved: clean_EURUSD_5min_002.csv (37316 rows)
2025-12-14 11:07:15,080 - INFO -     -> Saved (Renamed): clean_EURUSD_30min_001_dup1.csv (2697 rows)
2025-12-14 11:07:15,241 - INFO -     -> Saved (Renamed): clean_EURUSD_5min_001_dup1.csv (36811 rows)
2025-12-14 11:07:15,250 - INFO -     -> Saved: clean_EURUSD_1hour_003.csv (1333 rows)
2025-12-14 11:07:15,761 - INFO -     -> Saved (Renamed): clean_EURUSD_15min_001_dup3.csv (121352 rows)
2025-12-14 11:07:25,239 - INFO -     -> Saved: clean_EURUSD_1min_002.csv (1809479 rows)
2025-12-14 11:07:25,494 - INFO -     -> Saved (Renamed): clean_EURUSD_30min_001_dup2.csv (60679 rows)
2025-12-14 11:07:26,080 - WARNING -     [SKIP] Missing OHLC columns: EURUSD_1min_001.csv
2025-12-14 11:07:27,598 - INFO -     -> Saved (Renamed): clean_EURUSD_5min_001_dup2.csv (363960 rows)
2025-12-14 11:07:27,729 - INFO -     -> Saved (Renamed): clean_EURUSD_1H_001_dup1.csv (30340 rows)
2025-12-14 11:07:28,455 - INFO -     -> Saved: clean_EURUSD_15min.csv (143054 rows)
2025-12-14 11:07:28,842 - INFO -     -> Saved: clean_XAUUSD_30min.csv (69024 rows)
2025-12-14 11:07:29,203 - INFO -     -> Saved: clean_EURUSD_30min.csv (71664 rows)
2025-12-14 11:07:30,516 - INFO -     -> Saved: clean_XAUUSD_1min.csv (250000 rows)
2025-12-14 11:07:31,796 - INFO -     -> Saved (Renamed): clean_EURUSD_1min_dup1.csv (250000 rows)
2025-12-14 11:07:33,209 - INFO -     -> Saved: clean_XAUUSD_5min.csv (250000 rows)
2025-12-14 11:07:33,986 - INFO -     -> Saved: clean_XAUUSD_15min.csv (137835 rows)
2025-12-14 11:07:34,454 - INFO -     -> Saved: clean_EURUSD_5min.csv (91829 rows)
2025-12-14 11:07:34,649 - INFO -     -> Saved: clean_XAUUSD_1h.csv (34577 rows)
2025-12-14 11:07:34,830 - INFO -     -> Saved: clean_EURUSD_1h.csv (35908 rows)
2025-12-14 11:07:35,016 - INFO -     -> Saved: clean_XAUUSD_5minute_001.csv (31352 rows)
2025-12-14 11:07:35,440 - INFO -     -> Saved: clean_EURUSD_1minute_001.csv (82033 rows)
2025-12-14 11:07:35,849 - INFO -     -> Saved: clean_XAUUSD_1minute_001.csv (78548 rows)
2025-12-14 11:07:36,105 - INFO -     -> Saved: clean_EURUSD_1minute_003.csv (50000 rows)
2025-12-14 11:07:36,359 - INFO -     -> Saved: clean_EURUSD_15minute_001.csv (49488 rows)
2025-12-14 11:07:36,388 - INFO -     -> Saved (Renamed): clean_EURUSD_1hour_001_dup1.csv (5057 rows)
2025-12-14 11:07:37,591 - INFO -     -> Saved: clean_EURUSD_1minute_004.csv (233719 rows)
2025-12-14 11:07:37,846 - INFO -     -> Saved: clean_EURUSD_1minute_002.csv (50000 rows)
2025-12-14 11:07:38,032 - INFO -     -> Saved: clean_EURUSD_1min_010.csv (44640 rows)
2025-12-14 11:07:38,218 - INFO -     -> Saved: clean_EURUSD_1min_008.csv (44640 rows)
2025-12-14 11:07:38,388 - INFO -     -> Saved (Renamed): clean_EURUSD_1min_002_dup1.csv (40320 rows)
2025-12-14 11:07:38,571 - INFO -     -> Saved: clean_EURUSD_1min_009.csv (43200 rows)
2025-12-14 11:07:38,750 - INFO -     -> Saved: clean_EURUSD_1min_011.csv (43200 rows)
2025-12-14 11:07:38,936 - INFO -     -> Saved: clean_EURUSD_1min_005.csv (44640 rows)
2025-12-14 11:07:39,116 - INFO -     -> Saved: clean_EURUSD_1min_004.csv (43200 rows)
2025-12-14 11:07:39,301 - INFO -     -> Saved: clean_EURUSD_1min_003.csv (44640 rows)
2025-12-14 11:07:39,493 - INFO -     -> Saved: clean_EURUSD_1min_012.csv (44640 rows)
2025-12-14 11:07:39,687 - INFO -     -> Saved (Renamed): clean_EURUSD_1min_001_dup1.csv (44640 rows)
2025-12-14 11:07:39,887 - INFO -     -> Saved: clean_EURUSD_1min_006.csv (43200 rows)
2025-12-14 11:07:40,089 - INFO -     -> Saved: clean_EURUSD_1min_007.csv (44640 rows)
2025-12-14 11:07:40,097 - INFO -     -> Saved (Renamed): clean_EURUSD_15min_001_dup4.csv (452 rows)
2025-12-14 11:07:40,112 - INFO -     -> Saved (Renamed): clean_EURUSD_5min_002_dup1.csv (1355 rows)
2025-12-14 11:07:40,121 - INFO -     -> Saved: clean_EURUSD_30m_001.csv (1010 rows)
2025-12-14 11:07:40,135 - INFO -     -> Saved: clean_EURUSD_15m_001.csv (2016 rows)
2025-12-14 11:07:40,172 - INFO -     -> Saved: clean_EURUSD_5m_001.csv (6042 rows)
2025-12-14 11:07:40,352 - INFO -     -> Saved: clean_EURUSD_1m_001.csv (30148 rows)
2025-12-14 11:07:40,359 - INFO -     -> Saved (Renamed): clean_EURUSD_1H_001_dup2.csv (506 rows)
2025-12-14 11:07:40,362 - INFO -     -> Saved: clean_EURUSD_5min_031.csv (23 rows)
2025-12-14 11:07:40,365 - INFO -     -> Saved: clean_EURUSD_5min_052.csv (59 rows)
2025-12-14 11:07:40,368 - INFO -     -> Saved: clean_EURUSD_5min_029.csv (70 rows)
2025-12-14 11:07:40,372 - INFO -     -> Saved: clean_EURUSD_5min_050.csv (60 rows)
2025-12-14 11:07:40,374 - INFO -     -> Saved: clean_EURUSD_5min_020.csv (56 rows)
2025-12-14 11:07:40,377 - INFO -     -> Saved: clean_EURUSD_5min_008.csv (56 rows)
2025-12-14 11:07:40,381 - INFO -     -> Saved: clean_EURUSD_5min_022.csv (68 rows)
2025-12-14 11:07:40,384 - INFO -     -> Saved: clean_EURUSD_5min_037.csv (22 rows)
2025-12-14 11:07:40,387 - INFO -     -> Saved: clean_EURUSD_5min_035.csv (64 rows)
2025-12-14 11:07:40,389 - INFO -     -> Saved: clean_EURUSD_5min_045.csv (67 rows)
2025-12-14 11:07:40,392 - INFO -     -> Saved: clean_EURUSD_5min_019.csv (70 rows)
2025-12-14 11:07:40,396 - INFO -     -> Saved: clean_EURUSD_5min_043.csv (41 rows)
2025-12-14 11:07:40,399 - INFO -     -> Saved: clean_EURUSD_5min_048.csv (30 rows)
2025-12-14 11:07:40,401 - INFO -     -> Saved: clean_EURUSD_5min_049.csv (18 rows)
2025-12-14 11:07:40,404 - INFO -     -> Saved: clean_EURUSD_5min_003.csv (29 rows)
2025-12-14 11:07:40,408 - INFO -     -> Saved: clean_EURUSD_5min_040.csv (66 rows)
2025-12-14 11:07:40,411 - INFO -     -> Saved: clean_EURUSD_5min_046.csv (68 rows)
2025-12-14 11:07:40,414 - INFO -     -> Saved: clean_EURUSD_5min_015.csv (29 rows)
2025-12-14 11:07:40,417 - INFO -     -> Saved: clean_EURUSD_5min_017.csv (66 rows)
2025-12-14 11:07:40,420 - INFO -     -> Saved: clean_EURUSD_5min_051.csv (58 rows)
2025-12-14 11:07:40,423 - INFO -     -> Saved: clean_EURUSD_5min_023.csv (28 rows)
2025-12-14 11:07:40,427 - INFO -     -> Saved: clean_EURUSD_5min_053.csv (95 rows)
2025-12-14 11:07:40,430 - INFO -     -> Saved: clean_EURUSD_5min_032.csv (40 rows)
2025-12-14 11:07:40,432 - INFO -     -> Saved: clean_EURUSD_5min_030.csv (40 rows)
2025-12-14 11:07:40,436 - INFO -     -> Saved: clean_EURUSD_5min_026.csv (59 rows)
2025-12-14 11:07:40,448 - INFO -     -> Saved: clean_EURUSD_5min_036.csv (61 rows)
2025-12-14 11:07:40,453 - INFO -     -> Saved: clean_EURUSD_5min_033.csv (45 rows)
2025-12-14 11:07:40,457 - INFO -     -> Saved: clean_EURUSD_5min_007.csv (26 rows)
2025-12-14 11:07:40,462 - INFO -     -> Saved: clean_EURUSD_5min_027.csv (34 rows)
2025-12-14 11:07:40,465 - INFO -     -> Saved: clean_EURUSD_5min_005.csv (84 rows)
2025-12-14 11:07:40,467 - INFO -     -> Saved: clean_EURUSD_5min_039.csv (43 rows)
2025-12-14 11:07:40,470 - INFO -     -> Saved: clean_EURUSD_5min_024.csv (51 rows)
2025-12-14 11:07:40,473 - INFO -     -> Saved: clean_EURUSD_5min_028.csv (56 rows)
2025-12-14 11:07:40,476 - INFO -     -> Saved: clean_EURUSD_5min_034.csv (59 rows)
2025-12-14 11:07:40,479 - INFO -     -> Saved: clean_EURUSD_5min_014.csv (30 rows)
2025-12-14 11:07:40,482 - INFO -     -> Saved: clean_EURUSD_5min_047.csv (66 rows)
2025-12-14 11:07:40,484 - INFO -     -> Saved: clean_EURUSD_5min_038.csv (63 rows)
2025-12-14 11:07:44,618 - INFO -     -> Saved (Renamed): clean_EURUSD_5min_002_dup2.csv (524287 rows)
2025-12-14 11:07:44,626 - INFO -     -> Saved: clean_EURUSD_5min_011.csv (49 rows)
2025-12-14 11:07:44,631 - INFO -     -> Saved: clean_EURUSD_5min_016.csv (42 rows)
2025-12-14 11:07:44,636 - INFO -     -> Saved: clean_EURUSD_5min_009.csv (36 rows)
2025-12-14 11:07:47,932 - INFO -     -> Saved (Renamed): clean_EURUSD_5min_001_dup3.csv (524288 rows)
2025-12-14 11:07:47,938 - INFO -     -> Saved: clean_EURUSD_5min_044.csv (49 rows)
2025-12-14 11:07:47,941 - INFO -     -> Saved: clean_EURUSD_5min_004.csv (38 rows)
2025-12-14 11:07:47,944 - INFO -     -> Saved: clean_EURUSD_5min_012.csv (29 rows)
2025-12-14 11:07:47,949 - INFO -     -> Saved: clean_EURUSD_5min_042.csv (66 rows)
2025-12-14 11:07:47,953 - INFO -     -> Saved: clean_EURUSD_5min_054.csv (63 rows)
2025-12-14 11:07:47,958 - INFO -     -> Saved: clean_EURUSD_5min_006.csv (117 rows)
2025-12-14 11:07:47,962 - INFO -     -> Saved: clean_EURUSD_5min_041.csv (90 rows)
2025-12-14 11:07:47,965 - INFO -     -> Saved: clean_EURUSD_5min_013.csv (39 rows)
2025-12-14 11:07:47,968 - INFO -     -> Saved: clean_EURUSD_5min_021.csv (95 rows)
2025-12-14 11:07:47,971 - INFO -     -> Saved: clean_EURUSD_5min_010.csv (87 rows)
2025-12-14 11:07:47,974 - INFO -     -> Saved: clean_EURUSD_5min_018.csv (30 rows)
2025-12-14 11:07:47,977 - INFO -     -> Saved: clean_EURUSD_5min_025.csv (64 rows)
2025-12-14 11:07:47,980 - INFO -     -> Saved: clean_EURUSD_1H_059.csv (8 rows)
2025-12-14 11:07:47,984 - INFO -     -> Saved: clean_EURUSD_1H_028.csv (8 rows)
2025-12-14 11:07:47,987 - INFO -     -> Saved: clean_EURUSD_1H_036.csv (16 rows)
2025-12-14 11:07:47,990 - INFO -     -> Saved: clean_EURUSD_1H_024.csv (26 rows)
2025-12-14 11:07:47,993 - INFO -     -> Saved: clean_EURUSD_1H_010.csv (7 rows)
2025-12-14 11:07:47,996 - INFO -     -> Saved: clean_EURUSD_1H_003.csv (8 rows)
2025-12-14 11:07:48,000 - INFO -     -> Saved: clean_EURUSD_1H_053.csv (9 rows)
2025-12-14 11:07:48,003 - INFO -     -> Saved: clean_EURUSD_1H_046.csv (6 rows)
2025-12-14 11:07:48,006 - INFO -     -> Saved: clean_EURUSD_1H_043.csv (11 rows)
2025-12-14 11:07:48,011 - INFO -     -> Saved: clean_EURUSD_1H_045.csv (19 rows)
2025-12-14 11:07:48,016 - INFO -     -> Saved: clean_EURUSD_1H_008.csv (16 rows)
2025-12-14 11:07:48,021 - INFO -     -> Saved: clean_EURUSD_1H_005.csv (11 rows)
2025-12-14 11:07:48,025 - INFO -     -> Saved: clean_EURUSD_1H_055.csv (8 rows)
2025-12-14 11:07:48,029 - INFO -     -> Saved: clean_EURUSD_1H_049.csv (21 rows)
2025-12-14 11:07:48,031 - INFO -     -> Saved: clean_EURUSD_1H_035.csv (9 rows)
2025-12-14 11:07:48,043 - INFO -     -> Saved: clean_EURUSD_1H_015.csv (9 rows)
2025-12-14 11:07:48,046 - INFO -     -> Saved: clean_EURUSD_1H_034.csv (12 rows)
2025-12-14 11:07:48,048 - INFO -     -> Saved: clean_EURUSD_1H_016.csv (5 rows)
2025-12-14 11:07:48,051 - INFO -     -> Saved: clean_EURUSD_1H_014.csv (11 rows)
2025-12-14 11:07:48,053 - INFO -     -> Saved: clean_EURUSD_1H_011.csv (19 rows)
2025-12-14 11:07:48,055 - INFO -     -> Saved: clean_EURUSD_1H_037.csv (7 rows)
2025-12-14 11:07:48,058 - INFO -     -> Saved: clean_EURUSD_1H_019.csv (17 rows)
2025-12-14 11:07:48,061 - INFO -     -> Saved: clean_EURUSD_1H_054.csv (10 rows)
2025-12-14 11:07:48,064 - INFO -     -> Saved: clean_EURUSD_1H_002.csv (4 rows)
2025-12-14 11:07:48,066 - INFO -     -> Saved: clean_EURUSD_1H_007.csv (8 rows)
2025-12-14 11:07:48,069 - INFO -     -> Saved: clean_EURUSD_1H_038.csv (77 rows)
2025-12-14 11:07:48,072 - INFO -     -> Saved: clean_EURUSD_1H_032.csv (12 rows)
2025-12-14 11:07:48,074 - INFO -     -> Saved: clean_EURUSD_1H_030.csv (12 rows)
2025-12-14 11:07:48,077 - INFO -     -> Saved: clean_EURUSD_1H_057.csv (8 rows)
2025-12-14 11:07:48,079 - INFO -     -> Saved: clean_EURUSD_1H_058.csv (7 rows)
2025-12-14 11:07:48,082 - INFO -     -> Saved: clean_EURUSD_1H_040.csv (8 rows)
2025-12-14 11:07:48,084 - INFO -     -> Saved: clean_EURUSD_1H_022.csv (7 rows)
2025-12-14 11:07:48,087 - INFO -     -> Saved: clean_EURUSD_1H_021.csv (10 rows)
2025-12-14 11:07:48,090 - INFO -     -> Saved: clean_EURUSD_1H_051.csv (6 rows)
2025-12-14 11:07:48,092 - INFO -     -> Saved: clean_EURUSD_1H_009.csv (14 rows)
2025-12-14 11:07:48,095 - INFO -     -> Saved: clean_EURUSD_1H_033.csv (7 rows)
2025-12-14 11:07:48,097 - INFO -     -> Saved: clean_EURUSD_1H_031.csv (8 rows)
2025-12-14 11:07:48,100 - INFO -     -> Saved: clean_EURUSD_1H_047.csv (20 rows)
2025-12-14 11:07:48,103 - INFO -     -> Saved: clean_EURUSD_1H_013.csv (9 rows)
2025-12-14 11:07:48,106 - INFO -     -> Saved: clean_EURUSD_1H_056.csv (7 rows)
2025-12-14 11:07:48,108 - INFO -     -> Saved: clean_EURUSD_1H_020.csv (18 rows)
2025-12-14 11:07:48,111 - INFO -     -> Saved: clean_EURUSD_1H_023.csv (12 rows)
2025-12-14 11:07:48,114 - INFO -     -> Saved: clean_EURUSD_1H_060.csv (10 rows)
2025-12-14 11:07:48,117 - INFO -     -> Saved: clean_EURUSD_1H_044.csv (6 rows)
2025-12-14 11:07:48,119 - INFO -     -> Saved: clean_EURUSD_1H_006.csv (21 rows)
2025-12-14 11:07:48,122 - INFO -     -> Saved: clean_EURUSD_1H_048.csv (16 rows)
2025-12-14 11:07:48,124 - INFO -     -> Saved: clean_EURUSD_1H_025.csv (18 rows)
2025-12-14 11:07:48,127 - INFO -     -> Saved: clean_EURUSD_1H_041.csv (7 rows)
2025-12-14 11:07:48,129 - INFO -     -> Saved: clean_EURUSD_1H_052.csv (5 rows)
2025-12-14 11:07:48,132 - INFO -     -> Saved: clean_EURUSD_1H_012.csv (7 rows)
2025-12-14 11:07:48,134 - INFO -     -> Saved (Renamed): clean_EURUSD_1H_001_dup3.csv (10 rows)
2025-12-14 11:07:48,137 - INFO -     -> Saved: clean_EURUSD_1H_039.csv (6 rows)
2025-12-14 11:07:48,139 - INFO -     -> Saved: clean_EURUSD_1H_017.csv (12 rows)
2025-12-14 11:07:48,142 - INFO -     -> Saved: clean_EURUSD_1H_004.csv (5 rows)
2025-12-14 11:07:48,144 - INFO -     -> Saved: clean_EURUSD_1H_029.csv (8 rows)
2025-12-14 11:07:48,147 - INFO -     -> Saved: clean_EURUSD_1H_027.csv (12 rows)
2025-12-14 11:07:48,149 - INFO -     -> Saved: clean_EURUSD_1H_050.csv (16 rows)
2025-12-14 11:07:48,152 - INFO -     -> Saved: clean_EURUSD_1H_018.csv (9 rows)
2025-12-14 11:07:48,156 - INFO -     -> Saved: clean_EURUSD_1H_026.csv (17 rows)
2025-12-14 11:07:48,158 - INFO -     -> Saved: clean_EURUSD_1H_042.csv (12 rows)
2025-12-14 11:07:49,531 - INFO -     -> Saved: clean_XAU_30m_data_limited.csv (242152 rows)
2025-12-14 11:07:52,327 - INFO -     -> Saved: clean_XAU_15m_data_limited.csv (480717 rows)
2025-12-14 11:07:58,189 - INFO -     -> Saved: clean_XAU_5m_data_limited.csv (999999 rows)
2025-12-14 11:07:58,882 - INFO -     -> Saved: clean_XAU_1h_data_limited.csv (121823 rows)
2025-12-14 11:08:04,809 - INFO -     -> Saved: clean_XAU_1m_data_limited.csv (999999 rows)
2025-12-14 11:08:04,821 - INFO -     -> Saved: clean_EURUSDX_2025-09-10_to_2025-09-14_5m.csv (846 rows)
2025-12-14 11:08:04,825 - INFO -     -> Saved: clean_EURUSDX_2025-10-30_to_2025-10-30_5m.csv (136 rows)
2025-12-14 11:08:04,834 - INFO -     -> Saved: clean_EURUSDX_2025-09-25_to_2025-09-29_5m.csv (846 rows)
2025-12-14 11:08:04,847 - INFO -     -> Saved: clean_EURUSDX_2025-10-20_to_2025-10-24_5m.csv (1422 rows)
2025-12-14 11:08:04,860 - INFO -     -> Saved: clean_EURUSDX_2025-09-15_to_2025-09-19_5m.csv (1365 rows)
2025-12-14 11:08:04,872 - INFO -     -> Saved: clean_EURUSDX_2025-09-30_to_2025-10-04_5m.csv (1134 rows)
2025-12-14 11:08:04,881 - INFO -     -> Saved: clean_EURUSDX_2025-09-05_to_2025-09-09_5m.csv (846 rows)
2025-12-14 11:08:04,890 - INFO -     -> Saved: clean_EURUSDX_2025-09-20_to_2025-09-24_5m.csv (864 rows)
2025-12-14 11:08:04,899 - INFO -     -> Saved: clean_EURUSDX_2025-10-25_to_2025-10-29_5m.csv (863 rows)
2025-12-14 11:08:04,911 - INFO -     -> Saved: clean_EURUSDX_2025-10-05_to_2025-10-09_5m.csv (1147 rows)
2025-12-14 11:08:04,920 - INFO -     -> Saved: clean_EURUSDX_2025-10-10_to_2025-10-14_5m.csv (846 rows)
2025-12-14 11:08:04,929 - INFO -     -> Saved: clean_EURUSDX_2025-10-15_to_2025-10-19_5m.csv (846 rows)
2025-12-14 11:08:04,932 - INFO -     -> Saved (Renamed): clean_EURUSD_15min_001_dup5.csv (24 rows)
2025-12-14 11:08:04,935 - INFO -     -> Saved: clean_EURUSD_15min_004.csv (37 rows)
2025-12-14 11:08:06,544 - INFO -     -> Saved: clean_EURUSD_15m_BID_01.01.2010-31.12.2016.csv (245388 rows)
2025-12-14 11:08:08,194 - INFO -     -> Saved: clean_EURUSD_15m_006.csv (245388 rows)
2025-12-14 11:08:08,200 - INFO -     -> Saved: clean_EURUSD_15min_003.csv (11 rows)
2025-12-14 11:08:08,204 - INFO -     -> Saved: clean_EURUSD_15min_002.csv (8 rows)
2025-12-14 11:08:08,208 - INFO -     -> Saved: clean_EURUSD_15min_005.csv (18 rows)
2025-12-14 11:08:09,608 - INFO -     -> Saved: clean_EURUSD_15m_007.csv (245388 rows)
2025-12-14 11:08:09,623 - INFO -     -> Saved (Renamed): clean_EURUSD_1H_005_dup1.csv (840 rows)
2025-12-14 11:08:09,641 - INFO -     -> Saved (Renamed): clean_EURUSD_15min_003_dup1.csv (3341 rows)
2025-12-14 11:08:09,689 - INFO -     -> Saved (Renamed): clean_EURUSD_5min_002_dup3.csv (10010 rows)
2025-12-14 11:08:09,910 - INFO -     -> Saved (Renamed): clean_EURUSD_1min_001_dup2.csv (50000 rows)
2025-12-14 11:08:09,922 - INFO -     -> Saved: clean_EURUSD_30min_004.csv (1673 rows)
2025-12-14 11:08:09,922 - INFO - 
[PHASE 2] Processing labels...
2025-12-14 11:08:15,683 - INFO - 
[FILTERING] Cleaning overlaps...
2025-12-14 11:08:15,757 - INFO -     -> Remaining labels: 552 (Original: 606)
2025-12-14 11:08:15,766 - INFO - 
[DONE] Ground Truth generated: 552 rows.
2025-12-14 11:08:15,768 - INFO - 
               label trend_label
499   Bullish Normal        BULL
497    Bullish Wedge        BULL
498    Bullish Wedge        BULL
496  Bearish Pennant        BEAR
503   Bearish Normal        BEAR
2025-12-14 11:08:15,768 - INFO - 
[PHASE 3] Cleanup...
2025-12-14 11:08:15,833 - INFO -     -> Deleted 383 files.
2025-12-14 11:08:15,833 - INFO -     -> Kept files: 233 data files + labels.
2025-12-14 11:08:15,833 - INFO - ============================================================
2025-12-14 11:08:15,833 - INFO - ADAT ELŐKÉSZÍTÉS BEFEJEZVE.
2025-12-14 11:08:15,833 - INFO - ============================================================
2025-12-14 11:08:18,879 - INFO - 
============================================================
2025-12-14 11:08:18,880 - INFO - TRÉNING INDÍTÁSA: 2025-12-14 11:08:18
2025-12-14 11:08:18,880 - INFO - Log fájl helye: /app/log/run.log
2025-12-14 11:08:18,880 - INFO - ============================================================
2025-12-14 11:08:18,880 - INFO - --- AKTUÁLIS KONFIGURÁCIÓ ---
2025-12-14 11:08:18,880 - INFO - os: <module 'os' (frozen)>
2025-12-14 11:08:18,880 - INFO - ALLOWED_ASSETS: ['EURUSD', 'XAU']
2025-12-14 11:08:18,880 - INFO - N_BARS_LOOKBACK: 100
2025-12-14 11:08:18,880 - INFO - DOWNLOAD_LINK: https://bmeedu-my.sharepoint.com/:u:/g/personal/gyires-toth_balint_vik_bme_hu/IQAlEFc87da4SLpRVTCs81KwAS3DG4Ft8JPtUKQe9vV5eng?download=1
2025-12-14 11:08:18,880 - INFO - INFERENCE_URL: https://bmeedu-my.sharepoint.com/:x:/g/personal/gyires-toth_balint_vik_bme_hu/IQApaBhxGyYpR7opm3FFwereAeGD_3shTFw_0__izNdEy0M?download=1
2025-12-14 11:08:18,880 - INFO - EPOCHS: 1000
2025-12-14 11:08:18,880 - INFO - EARLY_STOPPING_PATIENCE: 25
2025-12-14 11:08:18,880 - INFO - BATCH_SIZE: 64
2025-12-14 11:08:18,880 - INFO - SEQUENCE_LENGTH: 100
2025-12-14 11:08:18,880 - INFO - INPUT_SIZE: 4
2025-12-14 11:08:18,880 - INFO - LEARNING_RATE: 0.001
2025-12-14 11:08:18,880 - INFO - CLIP_VALUE: 1.0
2025-12-14 11:08:18,880 - INFO - DROPOUT: 0.22
2025-12-14 11:08:18,880 - INFO - HIDDEN_SIZE: 64
2025-12-14 11:08:18,880 - INFO - NUM_LAYERS: 2
2025-12-14 11:08:18,880 - INFO - CNN_FILTERS: 64
2025-12-14 11:08:18,880 - INFO - D_MODEL: 128
2025-12-14 11:08:18,880 - INFO - N_HEADS: 4
2025-12-14 11:08:18,880 - INFO - DIM_FEEDFORWARD: 256
2025-12-14 11:08:18,880 - INFO - TRANSFORMER_LAYERS: 3
2025-12-14 11:08:18,880 - INFO - BASE_DIR: /home/bence/PycharmProjects/Melytanulas
2025-12-14 11:08:18,880 - INFO - LOCAL: False
2025-12-14 11:08:18,880 - INFO - DATA_ROOT: /app/data
2025-12-14 11:08:18,880 - INFO - OUTPUT_DIR: /app/output
2025-12-14 11:08:18,880 - INFO - LOG_DIR: /app/log
2025-12-14 11:08:18,880 - INFO - MODEL_SAVE_PATH: /app/output/baseline_lstm_best.pth
2025-12-14 11:08:18,880 - INFO - LABEL_FILE: /app/data/ground_truth_labels.csv
2025-12-14 11:08:18,880 - INFO - LOG_FILE: /app/log/run.log
2025-12-14 11:08:18,881 - INFO - ----------------------------------------
2025-12-14 11:08:18,881 - INFO - 
=== 1. BASELINE LSTM INDÍTÁSA ===
2025-12-14 11:08:18,881 - INFO - 
[1] DATA PREPARATION (BS=32, SEQ=50)...
2025-12-14 11:08:18,892 - INFO - 
[2] TRAINING START: BASELINE_LSTM
2025-12-14 11:08:18,894 - INFO - 
--- BASELINE_LSTM STRUKTÚRA ---
2025-12-14 11:08:18,894 - INFO - BaselineLSTM(
  (lstm): LSTM(4, 64, num_layers=2, batch_first=True, dropout=0.22, bidirectional=True)
  (fc): Linear(in_features=128, out_features=6, bias=True)
)
2025-12-14 11:08:18,894 - INFO - ÖSSZES TANÍTHATÓ PARAMÉTER: 135,942
2025-12-14 11:08:18,894 - INFO - ----------------------------------------
2025-12-14 11:08:26,140 - INFO - baseline_lstm | Ep 1/1000 | L: 1.7946/1.7870 | Acc: 13.2%/25.3%
2025-12-14 11:08:26,152 - INFO -   -> Saved Best baseline_lstm (Acc: 25.3%)
2025-12-14 11:08:28,366 - INFO - baseline_lstm | Ep 2/1000 | L: 1.7834/1.7802 | Acc: 25.6%/21.7%
2025-12-14 11:08:30,222 - INFO - baseline_lstm | Ep 3/1000 | L: 1.7721/1.7718 | Acc: 15.5%/16.9%
2025-12-14 11:08:31,701 - INFO - baseline_lstm | Ep 4/1000 | L: 1.7414/1.7590 | Acc: 13.2%/14.5%
2025-12-14 11:08:33,122 - INFO - baseline_lstm | Ep 5/1000 | L: 1.7195/1.7625 | Acc: 15.0%/12.0%
2025-12-14 11:08:34,764 - INFO - baseline_lstm | Ep 6/1000 | L: 1.6858/1.7753 | Acc: 16.3%/13.3%
2025-12-14 11:08:36,170 - INFO - baseline_lstm | Ep 7/1000 | L: 1.6847/1.7587 | Acc: 20.2%/20.5%
2025-12-14 11:08:37,502 - INFO - baseline_lstm | Ep 8/1000 | L: 1.6777/1.7233 | Acc: 23.1%/21.7%
2025-12-14 11:08:39,007 - INFO - baseline_lstm | Ep 9/1000 | L: 1.6549/1.7453 | Acc: 22.8%/20.5%
2025-12-14 11:08:40,551 - INFO - baseline_lstm | Ep 10/1000 | L: 1.6284/1.7103 | Acc: 24.6%/18.1%
2025-12-14 11:08:42,044 - INFO - baseline_lstm | Ep 11/1000 | L: 1.6405/1.7254 | Acc: 25.4%/21.7%
2025-12-14 11:08:43,470 - INFO - baseline_lstm | Ep 12/1000 | L: 1.6182/1.7026 | Acc: 28.2%/25.3%
2025-12-14 11:08:44,875 - INFO - baseline_lstm | Ep 13/1000 | L: 1.6099/1.7148 | Acc: 26.2%/22.9%
2025-12-14 11:08:46,395 - INFO - baseline_lstm | Ep 14/1000 | L: 1.6131/1.7160 | Acc: 24.4%/22.9%
2025-12-14 11:08:47,863 - INFO - baseline_lstm | Ep 15/1000 | L: 1.6563/1.7568 | Acc: 24.4%/18.1%
2025-12-14 11:08:49,218 - INFO - baseline_lstm | Ep 16/1000 | L: 1.6532/1.7156 | Acc: 25.1%/21.7%
2025-12-14 11:08:50,526 - INFO - baseline_lstm | Ep 17/1000 | L: 1.5678/1.6965 | Acc: 25.1%/24.1%
2025-12-14 11:08:51,850 - INFO - baseline_lstm | Ep 18/1000 | L: 1.6127/1.6858 | Acc: 25.9%/26.5%
2025-12-14 11:08:51,860 - INFO -   -> Saved Best baseline_lstm (Acc: 26.5%)
2025-12-14 11:08:53,384 - INFO - baseline_lstm | Ep 19/1000 | L: 1.6076/1.6784 | Acc: 27.5%/25.3%
2025-12-14 11:08:54,786 - INFO - baseline_lstm | Ep 20/1000 | L: 1.6599/1.6910 | Acc: 26.7%/25.3%
2025-12-14 11:08:56,118 - INFO - baseline_lstm | Ep 21/1000 | L: 1.6076/1.7262 | Acc: 22.8%/18.1%
2025-12-14 11:08:57,583 - INFO - baseline_lstm | Ep 22/1000 | L: 1.5654/1.6884 | Acc: 26.7%/24.1%
2025-12-14 11:08:59,123 - INFO - baseline_lstm | Ep 23/1000 | L: 1.6564/1.6888 | Acc: 25.1%/20.5%
2025-12-14 11:09:00,526 - INFO - baseline_lstm | Ep 24/1000 | L: 1.5594/1.6973 | Acc: 28.0%/20.5%
2025-12-14 11:09:01,925 - INFO - baseline_lstm | Ep 25/1000 | L: 1.5542/1.7050 | Acc: 28.2%/19.3%
2025-12-14 11:09:03,309 - INFO - baseline_lstm | Ep 26/1000 | L: 1.5572/1.6673 | Acc: 26.4%/22.9%
2025-12-14 11:09:04,752 - INFO - baseline_lstm | Ep 27/1000 | L: 1.5651/1.6830 | Acc: 25.4%/25.3%
2025-12-14 11:09:06,220 - INFO - baseline_lstm | Ep 28/1000 | L: 1.5824/1.6718 | Acc: 28.2%/28.9%
2025-12-14 11:09:06,222 - INFO -   -> Saved Best baseline_lstm (Acc: 28.9%)
2025-12-14 11:09:07,631 - INFO - baseline_lstm | Ep 29/1000 | L: 1.6038/1.6835 | Acc: 27.2%/24.1%
2025-12-14 11:09:09,029 - INFO - baseline_lstm | Ep 30/1000 | L: 1.6333/1.6721 | Acc: 27.7%/25.3%
2025-12-14 11:09:10,376 - INFO - baseline_lstm | Ep 31/1000 | L: 1.5794/1.6501 | Acc: 27.7%/27.7%
2025-12-14 11:09:11,853 - INFO - baseline_lstm | Ep 32/1000 | L: 1.5222/1.6681 | Acc: 27.5%/24.1%
2025-12-14 11:09:13,296 - INFO - baseline_lstm | Ep 33/1000 | L: 1.5631/1.6535 | Acc: 29.0%/25.3%
2025-12-14 11:09:14,707 - INFO - baseline_lstm | Ep 34/1000 | L: 1.5669/1.6583 | Acc: 28.8%/22.9%
2025-12-14 11:09:16,255 - INFO - baseline_lstm | Ep 35/1000 | L: 1.5293/1.6366 | Acc: 30.6%/28.9%
2025-12-14 11:09:17,843 - INFO - baseline_lstm | Ep 36/1000 | L: 1.5137/1.6568 | Acc: 29.0%/21.7%
2025-12-14 11:09:19,236 - INFO - baseline_lstm | Ep 37/1000 | L: 1.5134/1.6255 | Acc: 30.6%/25.3%
2025-12-14 11:09:20,591 - INFO - baseline_lstm | Ep 38/1000 | L: 1.5377/1.6248 | Acc: 28.8%/25.3%
2025-12-14 11:09:21,983 - INFO - baseline_lstm | Ep 39/1000 | L: 1.4812/1.6203 | Acc: 30.3%/25.3%
2025-12-14 11:09:23,394 - INFO - baseline_lstm | Ep 40/1000 | L: 1.5166/1.6463 | Acc: 28.5%/21.7%
2025-12-14 11:09:24,805 - INFO - baseline_lstm | Ep 41/1000 | L: 1.5127/1.6171 | Acc: 30.1%/31.3%
2025-12-14 11:09:24,806 - INFO -   -> Saved Best baseline_lstm (Acc: 31.3%)
2025-12-14 11:09:26,194 - INFO - baseline_lstm | Ep 42/1000 | L: 1.5430/1.6515 | Acc: 31.1%/18.1%
2025-12-14 11:09:27,750 - INFO - baseline_lstm | Ep 43/1000 | L: 1.5039/1.5984 | Acc: 33.2%/22.9%
2025-12-14 11:09:29,134 - INFO - baseline_lstm | Ep 44/1000 | L: 1.4887/1.6572 | Acc: 33.4%/21.7%
2025-12-14 11:09:30,503 - INFO - baseline_lstm | Ep 45/1000 | L: 1.4808/1.6153 | Acc: 30.6%/27.7%
2025-12-14 11:09:31,929 - INFO - baseline_lstm | Ep 46/1000 | L: 1.4737/1.5677 | Acc: 33.7%/25.3%
2025-12-14 11:09:33,315 - INFO - baseline_lstm | Ep 47/1000 | L: 1.4815/1.5969 | Acc: 31.3%/30.1%
2025-12-14 11:09:34,689 - INFO - baseline_lstm | Ep 48/1000 | L: 1.4275/1.6421 | Acc: 33.2%/28.9%
2025-12-14 11:09:36,018 - INFO - baseline_lstm | Ep 49/1000 | L: 1.4797/1.6029 | Acc: 33.9%/27.7%
2025-12-14 11:09:37,411 - INFO - baseline_lstm | Ep 50/1000 | L: 1.4535/1.5501 | Acc: 34.2%/31.3%
2025-12-14 11:09:38,853 - INFO - baseline_lstm | Ep 51/1000 | L: 1.4277/1.5976 | Acc: 34.5%/25.3%
2025-12-14 11:09:40,221 - INFO - baseline_lstm | Ep 52/1000 | L: 1.4923/1.5661 | Acc: 35.0%/28.9%
2025-12-14 11:09:41,774 - INFO - baseline_lstm | Ep 53/1000 | L: 1.5089/1.6079 | Acc: 34.2%/34.9%
2025-12-14 11:09:41,776 - INFO -   -> Saved Best baseline_lstm (Acc: 34.9%)
2025-12-14 11:09:43,220 - INFO - baseline_lstm | Ep 54/1000 | L: 1.4309/1.5120 | Acc: 34.2%/21.7%
2025-12-14 11:09:44,664 - INFO - baseline_lstm | Ep 55/1000 | L: 1.4021/1.4932 | Acc: 31.6%/25.3%
2025-12-14 11:09:46,092 - INFO - baseline_lstm | Ep 56/1000 | L: 1.5090/1.4823 | Acc: 31.6%/20.5%
2025-12-14 11:09:47,492 - INFO - baseline_lstm | Ep 57/1000 | L: 1.4585/1.6066 | Acc: 35.0%/26.5%
2025-12-14 11:09:48,918 - INFO - baseline_lstm | Ep 58/1000 | L: 1.4365/1.5417 | Acc: 35.2%/27.7%
2025-12-14 11:09:50,215 - INFO - baseline_lstm | Ep 59/1000 | L: 1.4172/1.5519 | Acc: 34.2%/30.1%
2025-12-14 11:09:51,638 - INFO - baseline_lstm | Ep 60/1000 | L: 1.4071/1.5361 | Acc: 35.5%/32.5%
2025-12-14 11:09:53,050 - INFO - baseline_lstm | Ep 61/1000 | L: 1.4810/1.5698 | Acc: 33.4%/24.1%
2025-12-14 11:09:54,590 - INFO - baseline_lstm | Ep 62/1000 | L: 1.3756/1.5645 | Acc: 34.5%/24.1%
2025-12-14 11:09:56,082 - INFO - baseline_lstm | Ep 63/1000 | L: 1.3974/1.5653 | Acc: 32.1%/31.3%
2025-12-14 11:09:57,742 - INFO - baseline_lstm | Ep 64/1000 | L: 1.3909/1.5558 | Acc: 35.2%/30.1%
2025-12-14 11:09:59,230 - INFO - baseline_lstm | Ep 65/1000 | L: 1.3805/1.5666 | Acc: 36.0%/22.9%
2025-12-14 11:10:00,690 - INFO - baseline_lstm | Ep 66/1000 | L: 1.4193/1.5489 | Acc: 36.0%/32.5%
2025-12-14 11:10:02,217 - INFO - baseline_lstm | Ep 67/1000 | L: 1.4093/1.5550 | Acc: 36.0%/28.9%
2025-12-14 11:10:03,644 - INFO - baseline_lstm | Ep 68/1000 | L: 1.3592/1.5697 | Acc: 36.5%/27.7%
2025-12-14 11:10:05,139 - INFO - baseline_lstm | Ep 69/1000 | L: 1.3472/1.5449 | Acc: 36.5%/31.3%
2025-12-14 11:10:06,737 - INFO - baseline_lstm | Ep 70/1000 | L: 1.3596/1.5791 | Acc: 36.3%/26.5%
2025-12-14 11:10:08,210 - INFO - baseline_lstm | Ep 71/1000 | L: 1.3691/1.5483 | Acc: 37.3%/32.5%
2025-12-14 11:10:09,682 - INFO - baseline_lstm | Ep 72/1000 | L: 1.3514/1.5623 | Acc: 37.0%/26.5%
2025-12-14 11:10:11,137 - INFO - baseline_lstm | Ep 73/1000 | L: 1.3312/1.5566 | Acc: 37.8%/32.5%
2025-12-14 11:10:12,666 - INFO - baseline_lstm | Ep 74/1000 | L: 1.3208/1.5544 | Acc: 37.0%/31.3%
2025-12-14 11:10:14,253 - INFO - baseline_lstm | Ep 75/1000 | L: 1.3564/1.5503 | Acc: 36.8%/31.3%
2025-12-14 11:10:15,730 - INFO - baseline_lstm | Ep 76/1000 | L: 1.3702/1.5535 | Acc: 33.7%/31.3%
2025-12-14 11:10:17,204 - INFO - baseline_lstm | Ep 77/1000 | L: 1.3425/1.5442 | Acc: 36.0%/30.1%
2025-12-14 11:10:18,722 - INFO - baseline_lstm | Ep 78/1000 | L: 1.3167/1.5469 | Acc: 36.5%/33.7%
2025-12-14 11:10:20,393 - INFO - baseline_lstm | Ep 79/1000 | L: 1.3459/1.5474 | Acc: 38.1%/30.1%
2025-12-14 11:10:21,902 - INFO - baseline_lstm | Ep 80/1000 | L: 1.3351/1.5564 | Acc: 37.0%/30.1%
2025-12-14 11:10:23,311 - INFO - baseline_lstm | Ep 81/1000 | L: 1.3335/1.5529 | Acc: 34.2%/31.3%
2025-12-14 11:10:23,311 - INFO - [STOP] Early Stopping: baseline_lstm
2025-12-14 11:10:23,311 - INFO - 
=== 2. HYBRID MODELL INDÍTÁSA ===
2025-12-14 11:10:23,311 - INFO - 
[1] DATA PREPARATION (BS=64, SEQ=100)...
2025-12-14 11:10:23,324 - INFO - 
[2] TRAINING START: HYBRID_MODEL
2025-12-14 11:10:23,324 - INFO - 
--- HYBRID_MODEL STRUKTÚRA ---
2025-12-14 11:10:23,324 - INFO - HybridModel(
  (cnn): Sequential(
    (0): Conv1d(4, 64, kernel_size=(3,), stride=(1,), padding=(1,))
    (1): BatchNorm1d(64, eps=1e-05, momentum=0.1, affine=True, track_running_stats=True)
    (2): ReLU()
    (3): MaxPool1d(kernel_size=2, stride=2, padding=0, dilation=1, ceil_mode=False)
    (4): Conv1d(64, 128, kernel_size=(3,), stride=(1,), padding=(1,))
    (5): BatchNorm1d(128, eps=1e-05, momentum=0.1, affine=True, track_running_stats=True)
    (6): ReLU()
  )
  (pos_encoder): PositionalEncoding()
  (transformer_encoder): TransformerEncoder(
    (layers): ModuleList(
      (0-2): 3 x TransformerEncoderLayer(
        (self_attn): MultiheadAttention(
          (out_proj): NonDynamicallyQuantizableLinear(in_features=128, out_features=128, bias=True)
        )
        (linear1): Linear(in_features=128, out_features=256, bias=True)
        (dropout): Dropout(p=0.22, inplace=False)
        (linear2): Linear(in_features=256, out_features=128, bias=True)
        (norm1): LayerNorm((128,), eps=1e-05, elementwise_affine=True)
        (norm2): LayerNorm((128,), eps=1e-05, elementwise_affine=True)
        (dropout1): Dropout(p=0.22, inplace=False)
        (dropout2): Dropout(p=0.22, inplace=False)
      )
    )
  )
  (fc): Sequential(
    (0): Linear(in_features=128, out_features=64, bias=True)
    (1): GELU(approximate='none')
    (2): Dropout(p=0.22, inplace=False)
    (3): Linear(in_features=64, out_features=6, bias=True)
  )
)
2025-12-14 11:10:23,325 - INFO - ÖSSZES TANÍTHATÓ PARAMÉTER: 432,006
2025-12-14 11:10:23,325 - INFO - ----------------------------------------
2025-12-14 11:10:30,714 - INFO - hybrid_model | Ep 1/1000 | L: 1.8149/1.7936 | Acc: 16.8%/15.7%
2025-12-14 11:10:30,719 - INFO -   -> Saved Best hybrid_model (Acc: 15.7%)
2025-12-14 11:10:33,019 - INFO - hybrid_model | Ep 2/1000 | L: 1.6986/1.8160 | Acc: 23.1%/13.3%
2025-12-14 11:10:35,264 - INFO - hybrid_model | Ep 3/1000 | L: 1.6390/1.7148 | Acc: 26.9%/18.1%
2025-12-14 11:10:35,278 - INFO -   -> Saved Best hybrid_model (Acc: 18.1%)
2025-12-14 11:10:37,511 - INFO - hybrid_model | Ep 4/1000 | L: 1.5880/1.7880 | Acc: 28.5%/28.9%
2025-12-14 11:10:37,517 - INFO -   -> Saved Best hybrid_model (Acc: 28.9%)
2025-12-14 11:10:39,894 - INFO - hybrid_model | Ep 5/1000 | L: 1.4664/1.6522 | Acc: 35.5%/38.6%
2025-12-14 11:10:39,910 - INFO -   -> Saved Best hybrid_model (Acc: 38.6%)
2025-12-14 11:10:42,358 - INFO - hybrid_model | Ep 6/1000 | L: 1.4110/1.6317 | Acc: 33.2%/22.9%
2025-12-14 11:10:44,620 - INFO - hybrid_model | Ep 7/1000 | L: 1.4403/1.6830 | Acc: 33.2%/26.5%
2025-12-14 11:10:46,831 - INFO - hybrid_model | Ep 8/1000 | L: 1.4523/1.7409 | Acc: 40.9%/38.6%
2025-12-14 11:10:49,039 - INFO - hybrid_model | Ep 9/1000 | L: 1.3453/1.4832 | Acc: 41.5%/33.7%
2025-12-14 11:10:51,254 - INFO - hybrid_model | Ep 10/1000 | L: 1.2207/1.5388 | Acc: 42.0%/26.5%
2025-12-14 11:10:53,516 - INFO - hybrid_model | Ep 11/1000 | L: 1.2043/1.6949 | Acc: 46.6%/49.4%
2025-12-14 11:10:53,522 - INFO -   -> Saved Best hybrid_model (Acc: 49.4%)
2025-12-14 11:10:55,691 - INFO - hybrid_model | Ep 12/1000 | L: 1.1695/1.6682 | Acc: 48.4%/36.1%
2025-12-14 11:10:57,923 - INFO - hybrid_model | Ep 13/1000 | L: 1.2158/1.7093 | Acc: 48.4%/38.6%
2025-12-14 11:11:00,132 - INFO - hybrid_model | Ep 14/1000 | L: 1.0014/1.6312 | Acc: 46.9%/34.9%
2025-12-14 11:11:02,263 - INFO - hybrid_model | Ep 15/1000 | L: 1.0213/1.7079 | Acc: 54.4%/44.6%
2025-12-14 11:11:04,387 - INFO - hybrid_model | Ep 16/1000 | L: 1.1470/1.7621 | Acc: 51.8%/39.8%
2025-12-14 11:11:06,607 - INFO - hybrid_model | Ep 17/1000 | L: 0.8772/1.7650 | Acc: 53.4%/37.3%
2025-12-14 11:11:08,735 - INFO - hybrid_model | Ep 18/1000 | L: 0.8985/1.7956 | Acc: 57.3%/45.8%
2025-12-14 11:11:11,164 - INFO - hybrid_model | Ep 19/1000 | L: 0.8358/1.8131 | Acc: 60.9%/45.8%
2025-12-14 11:11:13,349 - INFO - hybrid_model | Ep 20/1000 | L: 0.8018/1.8794 | Acc: 59.1%/44.6%
2025-12-14 11:11:15,503 - INFO - hybrid_model | Ep 21/1000 | L: 0.7290/1.8195 | Acc: 62.4%/43.4%
2025-12-14 11:11:17,630 - INFO - hybrid_model | Ep 22/1000 | L: 0.7649/2.0975 | Acc: 64.8%/44.6%
2025-12-14 11:11:19,754 - INFO - hybrid_model | Ep 23/1000 | L: 0.8415/1.9562 | Acc: 66.3%/50.6%
2025-12-14 11:11:19,769 - INFO -   -> Saved Best hybrid_model (Acc: 50.6%)
2025-12-14 11:11:22,200 - INFO - hybrid_model | Ep 24/1000 | L: 0.6917/1.9946 | Acc: 63.5%/45.8%
2025-12-14 11:11:24,450 - INFO - hybrid_model | Ep 25/1000 | L: 0.6152/2.0878 | Acc: 66.1%/50.6%
2025-12-14 11:11:26,633 - INFO - hybrid_model | Ep 26/1000 | L: 0.5969/2.0948 | Acc: 71.8%/50.6%
2025-12-14 11:11:28,874 - INFO - hybrid_model | Ep 27/1000 | L: 0.6093/2.3093 | Acc: 72.5%/48.2%
2025-12-14 11:11:31,334 - INFO - hybrid_model | Ep 28/1000 | L: 0.5126/2.1777 | Acc: 73.6%/50.6%
2025-12-14 11:11:33,603 - INFO - hybrid_model | Ep 29/1000 | L: 0.8011/2.2535 | Acc: 73.8%/51.8%
2025-12-14 11:11:33,618 - INFO -   -> Saved Best hybrid_model (Acc: 51.8%)
2025-12-14 11:11:35,923 - INFO - hybrid_model | Ep 30/1000 | L: 0.4918/2.1993 | Acc: 75.9%/51.8%
2025-12-14 11:11:38,084 - INFO - hybrid_model | Ep 31/1000 | L: 0.5118/2.3632 | Acc: 75.1%/49.4%
2025-12-14 11:11:40,387 - INFO - hybrid_model | Ep 32/1000 | L: 0.4148/2.3324 | Acc: 75.9%/50.6%
2025-12-14 11:11:42,563 - INFO - hybrid_model | Ep 33/1000 | L: 0.5862/2.4461 | Acc: 76.9%/49.4%
2025-12-14 11:11:45,087 - INFO - hybrid_model | Ep 34/1000 | L: 0.4835/2.3747 | Acc: 73.1%/51.8%
2025-12-14 11:11:45,087 - INFO - [STOP] Early Stopping: hybrid_model
2025-12-14 11:11:47,865 - INFO - 
============================================================
2025-12-14 11:11:47,865 - INFO - KIÉRTÉKELÉS INDÍTÁSA: 2025-12-14 11:11:47
2025-12-14 11:11:47,865 - INFO - Log fájl helye: /app/log/run.log
2025-12-14 11:11:47,865 - INFO - ============================================================
2025-12-14 11:11:47,865 - INFO - 
--- BASELINE_LSTM KIÉRTÉKELÉSE ---
2025-12-14 11:11:47,871 - INFO - Test Set: 83 minta
2025-12-14 11:11:50,829 - INFO - 
EREDMÉNYEK: baseline_lstm
2025-12-14 11:11:50,834 - INFO - 
                 precision    recall  f1-score   support

 Bearish Normal       0.53      0.45      0.49        22
Bearish Pennant       0.00      0.00      0.00         6
  Bearish Wedge       0.21      0.44      0.29         9
 Bullish Normal       0.50      0.15      0.24        26
Bullish Pennant       0.14      0.38      0.20         8
  Bullish Wedge       0.10      0.08      0.09        12

       accuracy                           0.27        83
      macro avg       0.25      0.25      0.22        83
   weighted avg       0.35      0.27      0.27        83

2025-12-14 11:11:50,840 - INFO - 
CONFUSION MATRIX:
                 Bearish Normal  Bearish Pennant  Bearish Wedge  Bullish Normal  Bullish Pennant  Bullish Wedge
Bearish Normal               10                2              6               0                2              2
Bearish Pennant               2                0              3               0                0              1
Bearish Wedge                 3                1              4               0                1              0
Bullish Normal                1                2              3               4               10              6
Bullish Pennant               3                0              0               2                3              0
Bullish Wedge                 0                0              3               2                6              1
2025-12-14 11:11:50,844 - INFO - 
--- HYBRID_MODEL KIÉRTÉKELÉSE ---
2025-12-14 11:11:50,848 - INFO - Test Set: 83 minta
2025-12-14 11:11:53,728 - INFO - 
EREDMÉNYEK: hybrid_model
2025-12-14 11:11:53,733 - INFO - 
                 precision    recall  f1-score   support

 Bearish Normal       0.43      0.41      0.42        22
Bearish Pennant       0.00      0.00      0.00         6
  Bearish Wedge       0.24      0.44      0.31         9
 Bullish Normal       0.50      0.35      0.41        26
Bullish Pennant       0.18      0.25      0.21         8
  Bullish Wedge       0.18      0.17      0.17        12

       accuracy                           0.31        83
      macro avg       0.25      0.27      0.25        83
   weighted avg       0.34      0.31      0.32        83

2025-12-14 11:11:53,735 - INFO - 
CONFUSION MATRIX:
                 Bearish Normal  Bearish Pennant  Bearish Wedge  Bullish Normal  Bullish Pennant  Bullish Wedge
Bearish Normal                9                1              8               2                1              1
Bearish Pennant               2                0              4               0                0              0
Bearish Wedge                 4                1              4               0                0              0
Bullish Normal                3                1              0               9                5              8
Bullish Pennant               2                1              0               3                2              0
Bullish Wedge                 1                1              1               4                3              2
2025-12-14 11:11:55,768 - INFO - 
==================================================
2025-12-14 11:11:55,768 - INFO - >>> 04 - INFERENCE FOLYAMAT INDÍTÁSA
2025-12-14 11:11:55,768 - INFO - ==================================================
2025-12-14 11:11:55,768 - INFO - Osztályok: ['Bearish Normal' 'Bearish Pennant' 'Bearish Wedge' 'Bullish Normal'
 'Bullish Pennant' 'Bullish Wedge']
2025-12-14 11:11:55,768 - INFO - Modell betöltése: HYBRID...
/usr/local/lib/python3.12/site-packages/torch/nn/modules/transformer.py:392: UserWarning: enable_nested_tensor is True, but self.use_nested_tensor is False because encoder_layer.norm_first was True
  warnings.warn(
2025-12-14 11:11:55,792 - INFO - Letöltés indítása innen: https://bmeedu-my.sharepoint.com/:x:/g/personal/gyires-toth_balint_vik_bme_hu/IQApaBhxGyYpR7opm3FFwereAeGD_3shTFw_0__izNdEy0M?download=1
2025-12-14 11:11:56,426 - INFO - Letöltés kész! Méret: 0.14 MB
2025-12-14 11:11:56,426 - INFO - Próba: ZIP kicsomagolása...
2025-12-14 11:11:56,426 - INFO - A fájl nem ZIP. Átnevezés CSV-re...
2025-12-14 11:11:56,426 - INFO - Fájl mentve: /app/data/inference_downloads/downloaded_inference.csv
2025-12-14 11:11:56,427 - INFO - Feldolgozandó CSV fájlok száma: 1
[1/1] Elemzés: downloaded_inference.csv ...2025-12-14 11:11:56,428 - INFO - Fájl elemzése: downloaded_inference.csv
2025-12-14 11:11:57,260 - INFO -   [TALÁLAT] downloaded_inference.csv -> 379 db alakzat.
2025-12-14 11:11:57,263 - INFO - KERESÉS BEFEJEZVE. Összes találat: 379
2025-12-14 11:11:57,263 - INFO - Eredmények mentve: /app/output/inference_results.csv

                Source_File            Timestamp        Pattern  Confidence
0  downloaded_inference.csv  2025-10-09 16:04:00  Bearish Wedge       81.24
1  downloaded_inference.csv  2025-10-09 16:24:00  Bullish Wedge       81.26
2  downloaded_inference.csv  2025-10-09 16:25:00  Bullish Wedge       83.50
3  downloaded_inference.csv  2025-10-09 16:27:00  Bullish Wedge       85.88
4  downloaded_inference.csv  2025-10-09 16:28:00  Bullish Wedge       85.80
5  downloaded_inference.csv  2025-10-09 16:29:00  Bullish Wedge       87.02
6  downloaded_inference.csv  2025-10-09 16:31:00  Bullish Wedge       86.22
7  downloaded_inference.csv  2025-10-09 16:32:00  Bullish Wedge       86.82
8  downloaded_inference.csv  2025-10-09 16:33:00  Bullish Wedge       89.99
9  downloaded_inference.csv  2025-10-09 16:34:00  Bullish Wedge       90.33
2025-12-14 11:11:59,377 - INFO - 
==================================================
2025-12-14 11:11:59,377 - INFO - >>> 05 - TAKARÍTÁS (CLEANUP)
2025-12-14 11:11:59,377 - INFO - ==================================================
2025-12-14 11:11:59,377 - INFO - [TÖRÖLVE] Mappa: /app/data/inference_downloads
2025-12-14 11:11:59,378 - INFO - [TÖRÖLVE] Fájl: clean_EURUSD_1H_040.csv
2025-12-14 11:11:59,380 - INFO - [TÖRÖLVE] Fájl: clean_EURUSD_15m_006.csv
2025-12-14 11:11:59,380 - INFO - [TÖRÖLVE] Fájl: clean_EURUSD_5min_040.csv
2025-12-14 11:11:59,380 - INFO - [TÖRÖLVE] Fájl: clean_EURUSD_1min_004.csv
2025-12-14 11:11:59,380 - INFO - [TÖRÖLVE] Fájl: clean_EURUSD_1H_056.csv
2025-12-14 11:11:59,380 - INFO - [TÖRÖLVE] Fájl: clean_EURUSD_1H_003.csv
2025-12-14 11:11:59,381 - INFO - [TÖRÖLVE] Fájl: clean_EURUSD_5min_029.csv
2025-12-14 11:11:59,381 - INFO - [TÖRÖLVE] Fájl: clean_XAUUSD_30min.csv
2025-12-14 11:11:59,381 - INFO - [TÖRÖLVE] Fájl: clean_EURUSD_5min_031.csv
2025-12-14 11:11:59,381 - INFO - [TÖRÖLVE] Fájl: clean_XAU_1H_001.csv
2025-12-14 11:11:59,381 - INFO - [TÖRÖLVE] Fájl: clean_XAUUSD_1H_14.csv
2025-12-14 11:11:59,382 - INFO - [TÖRÖLVE] Fájl: clean_EURUSD_1minute_004.csv
2025-12-14 11:11:59,382 - INFO - [TÖRÖLVE] Fájl: clean_EURUSD_5min_030.csv
2025-12-14 11:11:59,382 - INFO - [TÖRÖLVE] Fájl: clean_EURUSD_15min_005.csv
2025-12-14 11:11:59,382 - INFO - [TÖRÖLVE] Fájl: clean_EURUSD_1H_007.csv
2025-12-14 11:11:59,382 - INFO - [TÖRÖLVE] Fájl: clean_XAUUSD_1H_35.csv
2025-12-14 11:11:59,382 - INFO - [TÖRÖLVE] Fájl: clean_EURUSD_5min_027.csv
2025-12-14 11:11:59,383 - INFO - [TÖRÖLVE] Fájl: clean_EURUSD_1H_022.csv
2025-12-14 11:11:59,383 - INFO - [TÖRÖLVE] Fájl: clean_XAUUSD_1H_34.csv
2025-12-14 11:11:59,385 - INFO - [TÖRÖLVE] Fájl: clean_EURUSD_5min_001_dup3.csv
2025-12-14 11:11:59,385 - INFO - [TÖRÖLVE] Fájl: clean_XAUUSD_1h.csv
2025-12-14 11:11:59,385 - INFO - [TÖRÖLVE] Fájl: clean_XAUUSD_1H_36.csv
2025-12-14 11:11:59,385 - INFO - [TÖRÖLVE] Fájl: clean_EURUSD_5min_033.csv
2025-12-14 11:11:59,385 - INFO - [TÖRÖLVE] Fájl: clean_EURUSD_5min_003.csv
2025-12-14 11:11:59,385 - INFO - [TÖRÖLVE] Fájl: clean_XAUUSD_1H_44.csv
2025-12-14 11:11:59,386 - INFO - [TÖRÖLVE] Fájl: clean_EURUSD_1H_033.csv
2025-12-14 11:11:59,386 - INFO - [TÖRÖLVE] Fájl: clean_XAUUSD_1H_50.csv
2025-12-14 11:11:59,386 - INFO - [TÖRÖLVE] Fájl: clean_XAUUSD_1H_43.csv
2025-12-14 11:11:59,386 - INFO - [TÖRÖLVE] Fájl: clean_EURUSDX_2025-09-20_to_2025-09-24_5m.csv
2025-12-14 11:11:59,386 - INFO - [TÖRÖLVE] Fájl: clean_EURUSD_5min_038.csv
2025-12-14 11:11:59,386 - INFO - [TÖRÖLVE] Fájl: clean_XAUUSD_1H_26.csv
2025-12-14 11:11:59,386 - INFO - [TÖRÖLVE] Fájl: clean_EURUSD_15min_002.csv
2025-12-14 11:11:59,386 - INFO - [TÖRÖLVE] Fájl: clean_EURUSD_1H_035.csv
2025-12-14 11:11:59,386 - INFO - [TÖRÖLVE] Fájl: clean_EURUSDX_2025-10-30_to_2025-10-30_5m.csv
2025-12-14 11:11:59,386 - INFO - [TÖRÖLVE] Fájl: clean_XAUUSD_5minute_001.csv
2025-12-14 11:11:59,386 - INFO - [TÖRÖLVE] Fájl: clean_EURUSD_5min_012.csv
2025-12-14 11:11:59,386 - INFO - [TÖRÖLVE] Fájl: clean_EURUSD_1m_001.csv
2025-12-14 11:11:59,386 - INFO - [TÖRÖLVE] Fájl: clean_EURUSD_1H_057.csv
2025-12-14 11:11:59,386 - INFO - [TÖRÖLVE] Fájl: clean_EURUSD_1H_021.csv
2025-12-14 11:11:59,386 - INFO - [TÖRÖLVE] Fájl: clean_EURUSD_5min_019.csv
2025-12-14 11:11:59,386 - INFO - [TÖRÖLVE] Fájl: clean_XAUUSD_1H_23.csv
2025-12-14 11:11:59,387 - INFO - [TÖRÖLVE] Fájl: clean_XAUUSD_1H_27.csv
2025-12-14 11:11:59,388 - INFO - [TÖRÖLVE] Fájl: clean_XAUUSD_1min.csv
2025-12-14 11:11:59,388 - INFO - [TÖRÖLVE] Fájl: clean_EURUSD_1H_002.csv
2025-12-14 11:11:59,388 - INFO - [TÖRÖLVE] Fájl: clean_EURUSD_1H_026.csv
2025-12-14 11:11:59,388 - INFO - [TÖRÖLVE] Fájl: clean_EURUSD_5min_037.csv
2025-12-14 11:11:59,388 - INFO - [TÖRÖLVE] Fájl: clean_EURUSDX_2025-10-25_to_2025-10-29_5m.csv
2025-12-14 11:11:59,388 - INFO - [TÖRÖLVE] Fájl: clean_EURUSD_5min_034.csv
2025-12-14 11:11:59,388 - INFO - [TÖRÖLVE] Fájl: clean_EURUSD_1H_029.csv
2025-12-14 11:11:59,388 - INFO - [TÖRÖLVE] Fájl: clean_XAUUSD_1H_48.csv
2025-12-14 11:11:59,388 - INFO - [TÖRÖLVE] Fájl: clean_EURUSD_1hour_001_dup1.csv
2025-12-14 11:11:59,388 - INFO - [TÖRÖLVE] Fájl: clean_EURUSDX_2025-10-20_to_2025-10-24_5m.csv
2025-12-14 11:11:59,388 - INFO - [TÖRÖLVE] Fájl: clean_EURUSD_1H_058.csv
2025-12-14 11:11:59,388 - INFO - [TÖRÖLVE] Fájl: clean_EURUSD_5min_014.csv
2025-12-14 11:11:59,388 - INFO - [TÖRÖLVE] Fájl: clean_EURUSD_5min_052.csv
2025-12-14 11:11:59,390 - INFO - [TÖRÖLVE] Fájl: clean_XAUUSD_5min.csv
2025-12-14 11:11:59,390 - INFO - [TÖRÖLVE] Fájl: clean_EURUSD_1minute_002.csv
2025-12-14 11:11:59,390 - INFO - [TÖRÖLVE] Fájl: clean_EURUSD_1min_009.csv
2025-12-14 11:11:59,391 - INFO - [TÖRÖLVE] Fájl: clean_EURUSD_1min_005.csv
2025-12-14 11:11:59,391 - INFO - [TÖRÖLVE] Fájl: clean_EURUSD_1H_050.csv
2025-12-14 11:11:59,391 - INFO - [TÖRÖLVE] Fájl: clean_EURUSD_5min_047.csv
2025-12-14 11:11:59,396 - INFO - [TÖRÖLVE] Fájl: clean_XAU_5m_data_limited.csv
2025-12-14 11:11:59,396 - INFO - [TÖRÖLVE] Fájl: clean_EURUSD_1min_001_dup2.csv
2025-12-14 11:11:59,396 - INFO - [TÖRÖLVE] Fájl: clean_EURUSD_5min_049.csv
2025-12-14 11:11:59,396 - INFO - [TÖRÖLVE] Fájl: clean_EURUSD_5min_048.csv
2025-12-14 11:11:59,396 - INFO - [TÖRÖLVE] Fájl: clean_EURUSD_5min_011.csv
2025-12-14 11:11:59,396 - INFO - [TÖRÖLVE] Fájl: clean_EURUSD_1H_049.csv
2025-12-14 11:11:59,397 - INFO - [TÖRÖLVE] Fájl: clean_EURUSD_5min.csv
2025-12-14 11:11:59,397 - INFO - [TÖRÖLVE] Fájl: clean_XAUUSD_1H_10.csv
2025-12-14 11:11:59,397 - INFO - [TÖRÖLVE] Fájl: clean_EURUSD_5min_046.csv
2025-12-14 11:11:59,397 - INFO - [TÖRÖLVE] Fájl: clean_EURUSD_1H_020.csv
2025-12-14 11:11:59,397 - INFO - [TÖRÖLVE] Fájl: clean_XAUUSD_1H_17.csv
2025-12-14 11:11:59,397 - INFO - [TÖRÖLVE] Fájl: clean_EURUSD_1H_043.csv
2025-12-14 11:11:59,397 - INFO - [TÖRÖLVE] Fájl: clean_EURUSD_5min_045.csv
2025-12-14 11:11:59,397 - INFO - [TÖRÖLVE] Fájl: clean_EURUSD_30min_001_dup2.csv
2025-12-14 11:11:59,397 - INFO - [TÖRÖLVE] Fájl: clean_XAUUSD_1H_8.csv
2025-12-14 11:11:59,398 - INFO - [TÖRÖLVE] Fájl: clean_XAUUSD_1H_30.csv
2025-12-14 11:11:59,398 - INFO - [TÖRÖLVE] Fájl: clean_XAUUSD_1H_39.csv
2025-12-14 11:11:59,398 - INFO - [TÖRÖLVE] Fájl: clean_EURUSD_1H_019.csv
2025-12-14 11:11:59,398 - INFO - [TÖRÖLVE] Fájl: clean_XAU_1h_data_limited.csv
2025-12-14 11:11:59,398 - INFO - [TÖRÖLVE] Fájl: clean_EURUSDX_2025-10-15_to_2025-10-19_5m.csv
2025-12-14 11:11:59,398 - INFO - [TÖRÖLVE] Fájl: clean_XAUUSD_1H_12.csv
2025-12-14 11:11:59,398 - INFO - [TÖRÖLVE] Fájl: clean_EURUSDX_2025-09-15_to_2025-09-19_5m.csv
2025-12-14 11:11:59,398 - INFO - [TÖRÖLVE] Fájl: clean_EURUSD_5min_042.csv
2025-12-14 11:11:59,398 - INFO - [TÖRÖLVE] Fájl: clean_EURUSD_5min_051.csv
2025-12-14 11:11:59,399 - INFO - [TÖRÖLVE] Fájl: clean_EURUSD_1H_045.csv
2025-12-14 11:11:59,399 - INFO - [TÖRÖLVE] Fájl: clean_XAUUSD_1H_9.csv
2025-12-14 11:11:59,399 - INFO - [TÖRÖLVE] Fájl: clean_EURUSD_5min_035.csv
2025-12-14 11:11:59,401 - INFO - [TÖRÖLVE] Fájl: clean_XAU_15m_data_limited.csv
2025-12-14 11:11:59,401 - INFO - [TÖRÖLVE] Fájl: clean_EURUSD_30min_004.csv
2025-12-14 11:11:59,401 - INFO - [TÖRÖLVE] Fájl: clean_EURUSD_5min_032.csv
2025-12-14 11:11:59,401 - INFO - [TÖRÖLVE] Fájl: clean_EURUSD_1H_044.csv
2025-12-14 11:11:59,401 - INFO - [TÖRÖLVE] Fájl: clean_EURUSD_1hour_002.csv
2025-12-14 11:11:59,401 - INFO - [TÖRÖLVE] Fájl: clean_EURUSD_30m_001.csv
2025-12-14 11:11:59,402 - INFO - [TÖRÖLVE] Fájl: clean_XAUUSD_15min.csv
2025-12-14 11:11:59,402 - INFO - [TÖRÖLVE] Fájl: clean_EURUSD_1H_013.csv
2025-12-14 11:11:59,402 - INFO - [TÖRÖLVE] Fájl: clean_XAUUSD_1H_18.csv
2025-12-14 11:11:59,402 - INFO - [TÖRÖLVE] Fájl: clean_EURUSD_5min_021.csv
2025-12-14 11:11:59,403 - INFO - [TÖRÖLVE] Fájl: clean_EURUSD_1min_010.csv
2025-12-14 11:11:59,403 - INFO - [TÖRÖLVE] Fájl: clean_EURUSD_1H_036.csv
2025-12-14 11:11:59,403 - INFO - [TÖRÖLVE] Fájl: clean_EURUSD_5min_002_dup3.csv
2025-12-14 11:11:59,403 - INFO - [TÖRÖLVE] Fájl: clean_EURUSD_5min_018.csv
2025-12-14 11:11:59,404 - INFO - [TÖRÖLVE] Fájl: clean_XAU_30m_data_limited.csv
2025-12-14 11:11:59,404 - INFO - [TÖRÖLVE] Fájl: clean_EURUSD_1H_008.csv
2025-12-14 11:11:59,404 - INFO - [TÖRÖLVE] Fájl: clean_EURUSD_1H_010.csv
2025-12-14 11:11:59,404 - INFO - [TÖRÖLVE] Fájl: clean_XAUUSD_1H_31.csv
2025-12-14 11:11:59,404 - INFO - [TÖRÖLVE] Fájl: clean_XAUUSD_1H_22.csv
2025-12-14 11:11:59,404 - INFO - [TÖRÖLVE] Fájl: clean_XAUUSD_1H_4.csv
2025-12-14 11:11:59,404 - INFO - [TÖRÖLVE] Fájl: clean_XAUUSD_1H_21.csv
2025-12-14 11:11:59,404 - INFO - [TÖRÖLVE] Fájl: clean_XAUUSD_1H_13.csv
2025-12-14 11:11:59,404 - INFO - [TÖRÖLVE] Fájl: clean_EURUSD_1H_005_dup1.csv
2025-12-14 11:11:59,404 - INFO - [TÖRÖLVE] Fájl: clean_EURUSD_1H_012.csv
2025-12-14 11:11:59,404 - INFO - [TÖRÖLVE] Fájl: clean_EURUSD_1H_054.csv
2025-12-14 11:11:59,404 - INFO - [TÖRÖLVE] Fájl: clean_XAUUSD_1H_19.csv
2025-12-14 11:11:59,405 - INFO - [TÖRÖLVE] Fájl: clean_XAUUSD_1minute_001.csv
2025-12-14 11:11:59,405 - INFO - [TÖRÖLVE] Fájl: clean_EURUSD_1H_038.csv
2025-12-14 11:11:59,405 - INFO - [TÖRÖLVE] Fájl: clean_XAUUSD_1H_42.csv
2025-12-14 11:11:59,406 - INFO - [TÖRÖLVE] Fájl: clean_EURUSD_1minute_003.csv
2025-12-14 11:11:59,406 - INFO - [TÖRÖLVE] Fájl: clean_EURUSD_1H_032.csv
2025-12-14 11:11:59,406 - INFO - [TÖRÖLVE] Fájl: clean_XAUUSD_1H_5.csv
2025-12-14 11:11:59,406 - INFO - [TÖRÖLVE] Fájl: clean_EURUSD_5min_026.csv
2025-12-14 11:11:59,406 - INFO - [TÖRÖLVE] Fájl: clean_EURUSD_5min_039.csv
2025-12-14 11:11:59,406 - INFO - [TÖRÖLVE] Fájl: clean_EURUSD_1h.csv
2025-12-14 11:11:59,407 - INFO - [TÖRÖLVE] Fájl: clean_EURUSD_15min.csv
2025-12-14 11:11:59,407 - INFO - [TÖRÖLVE] Fájl: clean_EURUSD_5min_010.csv
2025-12-14 11:11:59,407 - INFO - [TÖRÖLVE] Fájl: clean_EURUSDX_2025-09-25_to_2025-09-29_5m.csv
2025-12-14 11:11:59,407 - INFO - [TÖRÖLVE] Fájl: clean_EURUSD_5min_024.csv
2025-12-14 11:11:59,407 - INFO - [TÖRÖLVE] Fájl: clean_EURUSD_5min_041.csv
2025-12-14 11:11:59,407 - INFO - [TÖRÖLVE] Fájl: clean_EURUSD_1H_018.csv
2025-12-14 11:11:59,407 - INFO - [TÖRÖLVE] Fájl: clean_EURUSD_1hour_003.csv
2025-12-14 11:11:59,408 - INFO - [TÖRÖLVE] Fájl: clean_EURUSD_5min_036.csv
2025-12-14 11:11:59,408 - INFO - [TÖRÖLVE] Fájl: clean_EURUSD_1min_006.csv
2025-12-14 11:11:59,408 - INFO - [TÖRÖLVE] Fájl: clean_EURUSD_1H_016.csv
2025-12-14 11:11:59,408 - INFO - [TÖRÖLVE] Fájl: clean_EURUSD_1H_030.csv
2025-12-14 11:11:59,408 - INFO - [TÖRÖLVE] Fájl: clean_XAUUSD_1H_24.csv
2025-12-14 11:11:59,408 - INFO - [TÖRÖLVE] Fájl: clean_EURUSD_1H_031.csv
2025-12-14 11:11:59,408 - INFO - [TÖRÖLVE] Fájl: clean_EURUSD_1H_014.csv
2025-12-14 11:11:59,408 - INFO - [TÖRÖLVE] Fájl: clean_EURUSD_5min_017.csv
2025-12-14 11:11:59,408 - INFO - [TÖRÖLVE] Fájl: clean_XAUUSD_5m_001.csv
2025-12-14 11:11:59,408 - INFO - [TÖRÖLVE] Fájl: clean_EURUSD_5min_054.csv
2025-12-14 11:11:59,408 - INFO - [TÖRÖLVE] Fájl: clean_EURUSD_5min_043.csv
2025-12-14 11:11:59,408 - INFO - [TÖRÖLVE] Fájl: clean_EURUSD_1H_001_dup3.csv
2025-12-14 11:11:59,408 - INFO - [TÖRÖLVE] Fájl: clean_EURUSD_1H_027.csv
2025-12-14 11:11:59,409 - INFO - [TÖRÖLVE] Fájl: clean_EURUSD_1min_dup1.csv
2025-12-14 11:11:59,410 - INFO - [TÖRÖLVE] Fájl: clean_XAUUSD_1H_3.csv
2025-12-14 11:11:59,410 - INFO - [TÖRÖLVE] Fájl: clean_EURUSD_5min_028.csv
2025-12-14 11:11:59,410 - INFO - [TÖRÖLVE] Fájl: clean_EURUSD_15min_001_dup5.csv
2025-12-14 11:11:59,410 - INFO - [TÖRÖLVE] Fájl: clean_XAUUSD_5m_002.csv
2025-12-14 11:11:59,410 - INFO - [TÖRÖLVE] Fájl: clean_EURUSD_1H_052.csv
2025-12-14 11:11:59,410 - INFO - [TÖRÖLVE] Fájl: clean_EURUSD_1H_055.csv
2025-12-14 11:11:59,410 - INFO - [TÖRÖLVE] Fájl: clean_EURUSD_1H_039.csv
2025-12-14 11:11:59,410 - INFO - [TÖRÖLVE] Fájl: clean_EURUSD_1H_053.csv
2025-12-14 11:11:59,410 - INFO - [TÖRÖLVE] Fájl: clean_EURUSD_1min_012.csv
2025-12-14 11:11:59,410 - INFO - [TÖRÖLVE] Fájl: clean_EURUSD_1H_034.csv
2025-12-14 11:11:59,410 - INFO - [TÖRÖLVE] Fájl: clean_EURUSDX_2025-09-10_to_2025-09-14_5m.csv
2025-12-14 11:11:59,410 - INFO - [TÖRÖLVE] Fájl: clean_XAUUSD_1H_29.csv
2025-12-14 11:11:59,410 - INFO - [TÖRÖLVE] Fájl: clean_XAUUSD_1H_20.csv
2025-12-14 11:11:59,410 - INFO - [TÖRÖLVE] Fájl: clean_EURUSD_1H_006.csv
2025-12-14 11:11:59,410 - INFO - [TÖRÖLVE] Fájl: clean_EURUSD_1H_051.csv
2025-12-14 11:11:59,411 - INFO - [TÖRÖLVE] Fájl: clean_EURUSD_1min_007.csv
2025-12-14 11:11:59,411 - INFO - [TÖRÖLVE] Fájl: clean_EURUSD_1H_059.csv
2025-12-14 11:11:59,411 - INFO - [TÖRÖLVE] Fájl: clean_XAUUSD_1H_33.csv
2025-12-14 11:11:59,411 - INFO - [TÖRÖLVE] Fájl: clean_EURUSD_1H_037.csv
2025-12-14 11:11:59,411 - INFO - [TÖRÖLVE] Fájl: clean_EURUSD_5min_020.csv
2025-12-14 11:11:59,411 - INFO - [TÖRÖLVE] Fájl: clean_XAUUSD_1H_41.csv
2025-12-14 11:11:59,411 - INFO - [TÖRÖLVE] Fájl: clean_XAUUSD_1H_49.csv
2025-12-14 11:11:59,411 - INFO - [TÖRÖLVE] Fájl: clean_XAUUSD_1H_7.csv
2025-12-14 11:11:59,411 - INFO - [TÖRÖLVE] Fájl: clean_EURUSDX_2025-10-10_to_2025-10-14_5m.csv
2025-12-14 11:11:59,411 - INFO - [TÖRÖLVE] Fájl: clean_EURUSD_1H_046.csv
2025-12-14 11:11:59,411 - INFO - [TÖRÖLVE] Fájl: clean_EURUSD_15min_004.csv
2025-12-14 11:11:59,411 - INFO - [TÖRÖLVE] Fájl: clean_XAUUSD_15min_001.csv
2025-12-14 11:11:59,411 - INFO - [TÖRÖLVE] Fájl: clean_XAUUSD_30min_001.csv
2025-12-14 11:11:59,411 - INFO - [TÖRÖLVE] Fájl: clean_XAUUSD_1H_37.csv
2025-12-14 11:11:59,411 - INFO - [TÖRÖLVE] Fájl: clean_XAUUSD_1H_16.csv
2025-12-14 11:11:59,411 - INFO - [TÖRÖLVE] Fájl: clean_EURUSD_5min_044.csv
2025-12-14 11:11:59,411 - INFO - [TÖRÖLVE] Fájl: clean_XAUUSD_1H_47.csv
2025-12-14 11:11:59,411 - INFO - [TÖRÖLVE] Fájl: clean_EURUSD_1H_009.csv
2025-12-14 11:11:59,412 - INFO - [TÖRÖLVE] Fájl: clean_EURUSD_1min_008.csv
2025-12-14 11:11:59,412 - INFO - [TÖRÖLVE] Fájl: clean_EURUSD_1H_041.csv
2025-12-14 11:11:59,412 - INFO - [TÖRÖLVE] Fájl: clean_EURUSD_5min_005.csv
2025-12-14 11:11:59,413 - INFO - [TÖRÖLVE] Fájl: clean_EURUSD_15m_007.csv
2025-12-14 11:11:59,413 - INFO - [TÖRÖLVE] Fájl: clean_XAUUSD_1H_45.csv
2025-12-14 11:11:59,413 - INFO - [TÖRÖLVE] Fájl: clean_EURUSD_5m_001.csv
2025-12-14 11:11:59,413 - INFO - [TÖRÖLVE] Fájl: clean_EURUSD_5min_022.csv
2025-12-14 11:11:59,413 - INFO - [TÖRÖLVE] Fájl: clean_EURUSD_1H_017.csv
2025-12-14 11:11:59,413 - INFO - [TÖRÖLVE] Fájl: clean_XAUUSD_1H_32.csv
2025-12-14 11:11:59,414 - INFO - [TÖRÖLVE] Fájl: clean_EURUSD_5min_023.csv
2025-12-14 11:11:59,414 - INFO - [TÖRÖLVE] Fájl: clean_XAUUSD_1H_11.csv
2025-12-14 11:11:59,415 - INFO - [TÖRÖLVE] Fájl: clean_EURUSD_15m_BID_01.01.2010-31.12.2016.csv
2025-12-14 11:11:59,415 - INFO - [TÖRÖLVE] Fájl: clean_EURUSD_1H_047.csv
2025-12-14 11:11:59,415 - INFO - [TÖRÖLVE] Fájl: clean_EURUSD_1H_025.csv
2025-12-14 11:11:59,415 - INFO - [TÖRÖLVE] Fájl: clean_EURUSD_15min_003_dup1.csv
2025-12-14 11:11:59,415 - INFO - [TÖRÖLVE] Fájl: clean_EURUSDX_2025-10-05_to_2025-10-09_5m.csv
2025-12-14 11:11:59,415 - INFO - [TÖRÖLVE] Fájl: clean_EURUSD_15m_001.csv
2025-12-14 11:11:59,415 - INFO - [TÖRÖLVE] Fájl: clean_EURUSD_1H_024.csv
2025-12-14 11:11:59,415 - INFO - [TÖRÖLVE] Fájl: clean_EURUSD_5min_015.csv
2025-12-14 11:11:59,415 - INFO - [TÖRÖLVE] Fájl: clean_EURUSD_1H_048.csv
2025-12-14 11:11:59,415 - INFO - [TÖRÖLVE] Fájl: clean_EURUSDX_2025-09-05_to_2025-09-09_5m.csv
2025-12-14 11:11:59,415 - INFO - [TÖRÖLVE] Fájl: clean_XAUUSD_1H_2.csv
2025-12-14 11:11:59,416 - INFO - [TÖRÖLVE] Fájl: clean_EURUSD_1H_011.csv
2025-12-14 11:11:59,416 - INFO - [TÖRÖLVE] Fájl: clean_XAUUSD_1H_1.csv
2025-12-14 11:11:59,416 - INFO - [TÖRÖLVE] Fájl: clean_EURUSD_1H_023.csv
2025-12-14 11:11:59,416 - INFO - [TÖRÖLVE] Fájl: clean_EURUSD_5min_053.csv
2025-12-14 11:11:59,416 - INFO - [TÖRÖLVE] Fájl: clean_EURUSD_5min_013.csv
2025-12-14 11:11:59,416 - INFO - [TÖRÖLVE] Fájl: clean_EURUSD_1H_028.csv
2025-12-14 11:11:59,416 - INFO - [TÖRÖLVE] Fájl: clean_EURUSD_5min_025.csv
2025-12-14 11:11:59,416 - INFO - [TÖRÖLVE] Fájl: clean_EURUSD_1min_002_dup1.csv
2025-12-14 11:11:59,416 - INFO - [TÖRÖLVE] Fájl: clean_EURUSD_1min_003.csv
2025-12-14 11:11:59,416 - INFO - [TÖRÖLVE] Fájl: clean_EURUSD_1H_060.csv
2025-12-14 11:11:59,416 - INFO - [TÖRÖLVE] Fájl: clean_EURUSD_5min_008.csv
2025-12-14 11:11:59,416 - INFO - [TÖRÖLVE] Fájl: clean_XAUUSD_1H_46.csv
2025-12-14 11:11:59,416 - INFO - [TÖRÖLVE] Fájl: clean_XAUUSD_1H_28.csv
2025-12-14 11:11:59,417 - INFO - [TÖRÖLVE] Fájl: clean_EURUSD_15minute_001.csv
2025-12-14 11:11:59,417 - INFO - [TÖRÖLVE] Fájl: clean_EURUSD_1min_011.csv
2025-12-14 11:11:59,417 - INFO - [TÖRÖLVE] Fájl: clean_EURUSD_1H_042.csv
2025-12-14 11:11:59,417 - INFO - [TÖRÖLVE] Fájl: clean_EURUSD_1minute_001.csv
2025-12-14 11:11:59,418 - INFO - [TÖRÖLVE] Fájl: clean_XAUUSD_1H_38.csv
2025-12-14 11:11:59,418 - INFO - [TÖRÖLVE] Fájl: clean_EURUSDX_2025-09-30_to_2025-10-04_5m.csv
2025-12-14 11:11:59,418 - INFO - [TÖRÖLVE] Fájl: clean_XAUUSD_1H_25.csv
2025-12-14 11:11:59,418 - INFO - [TÖRÖLVE] Fájl: clean_EURUSD_5min_009.csv
2025-12-14 11:11:59,418 - INFO - [TÖRÖLVE] Fájl: clean_EURUSD_5min_050.csv
2025-12-14 11:11:59,418 - INFO - [TÖRÖLVE] Fájl: clean_EURUSD_5min_004.csv
2025-12-14 11:11:59,418 - INFO - [TÖRÖLVE] Fájl: clean_XAUUSD_5min_001.csv
2025-12-14 11:11:59,418 - INFO - [TÖRÖLVE] Fájl: clean_EURUSD_5min_016.csv
2025-12-14 11:11:59,418 - INFO - [TÖRÖLVE] Fájl: clean_XAUUSD_1H_40.csv
2025-12-14 11:11:59,418 - INFO - [TÖRÖLVE] Fájl: clean_XAUUSD_1H_15.csv
2025-12-14 11:11:59,418 - INFO - [TÖRÖLVE] Fájl: clean_EURUSD_5min_006.csv
2025-12-14 11:11:59,418 - INFO - [TÖRÖLVE] Fájl: clean_XAUUSD_1H_6.csv
2025-12-14 11:11:59,418 - INFO - [TÖRÖLVE] Fájl: clean_EURUSD_1H_004.csv
2025-12-14 11:11:59,418 - INFO - [TÖRÖLVE] Fájl: clean_EURUSD_5min_007.csv
2025-12-14 11:11:59,419 - INFO - [TÖRÖLVE] Fájl: clean_EURUSD_30min.csv
2025-12-14 11:11:59,419 - INFO - [TÖRÖLVE] Fájl: clean_EURUSD_1H_015.csv
2025-12-14 11:11:59,423 - INFO - [TÖRÖLVE] Fájl: clean_XAU_1m_data_limited.csv
2025-12-14 11:11:59,423 - INFO - TAKARÍTÁS KÉSZ. A /data mappa tiszta.
[run.sh] Pipeline finished at 2025-12-14T11:11:59+00:00
